[  0000000] Liux verio4.150-01generic (build@lgw0-amd4-3) (gc vsion 7.5.0 (Ubntu .5-3ubuntu~1.04) #2-Ubunu P Mon Maay 11 10:07:26 UTC 2020 (Ubuntu .15.0-1.102-neic 4.1.1)
[  0.00000]Comand line: BOOTIMAG=/ot/vmlnu4.150-1-geneicroot=UUI=8e728c-e0-45d9-ba-8e51df319roonsoe=tt1 onsoe=yS0[   0.000] KERNE supported cpus:
[    0.000000]   Intel Genuinentel
[    0.000000]   AMD AuthenticAMD
[    0.000000]   Centaur CentaurHauls
[    0.000000] x86/fpu: Supporting XSAVE feature 0x001: 'x87 floating point registers'
[    0.000000] x86/fpu: Supporting XSAE eatue 002:'S registers'
[    0.000000] 86/fpu:Suporting SAVE feture0x4: 'AVX register'
[    0.000000] x86/pu xstat_ofset2]:  6, xta_siz[2:  26[    0.00000] 86pu: Enabled xsate eares x7context size is 832 bytes, using 'standard' format.
[    0.000000] e820: BIOS-provided physical RAM map:
[    0.000000] BIOS-e820: [mem 0x0000000000000000-0x000000000009fbff] usable
[    0.000000] BIOS-e820: [mem 0x000000000009fc00-0x000000000009ffff] reserved
[    0.000000] BIOS-e820: [mem 0x00000000000f0000-0x00000000000fffff] reserved
[    0.000000] BIOS-e820: [mem 0x0000000000100000-0x000000003ffeffff] usable
[    0.000000] BIOS-e820: [mem 0x000000003fff0000-0x000000003fffffff] ACPI data
[    0.000000] BIOS-e820: [mem 0x00000000fec00000-0x00000000fec00fff] reserved
[    0.000000] BIOS-e820: [mem 0x00000000fee00000-0x00000000fee00fff] reserved
[    0.000000] BIOS-e820: [mem 0x00000000fffc0000-0x00000000ffffffff] reserved
[    0.000000] NX (Execute Disable) protection: active
[    0.000000] SMBIOS 2.5 present.
[    0.000000] DMI: innotek GmbH VirtualBox/VirtualBox, BIOS VirtualBox 12/01/2006
[    0.000000] Hypervisor detected: KVM
[    0.000000] e820: last_pfn = 0x3fff0 max_arch_pfn = 0x400000000
[    0.000000] MTRR: Disabled
[    0.000000] x86/PAT: MTRRs disabled, skipping PAT initialization too.
[    0.000000] CPU MTRRs all blank - virtualized system.
[    0.000000] x86/PAT: Configuration [0-7]: WB  WT  UC- UC  WB  WT  UC- UC  
[    0.000000] found SMP MP-table at [mem 0x0009fff0-0x0009ffff]
[    0.000000] Scanning 1 areas for low memory corruption
[    0.000000] RAMDISK: [mem 0x35963000-0x36ca8fff]
[    0.000000] ACPI: Early table checksum verification disabled
[    0.000000] ACPI: RSDP 0x00000000000E0000 000024 (v02 VBOX  )
[    0.000000] ACPI: XSDT 0x000000003FFF0030 00003C (v01 VBOX   VBOXXSDT 00000001 ASL  00000061)
[    0.000000] ACPI: FACP 0x000000003FFF00F0 0000F4 (v04 VBOX   VBOXFACP 00000001 ASL  00000061)
[    0.000000] ACPI: DSDT 0x000000003FFF0470 0021FF (v02 VBOX   VBOXBIOS 00000002 INTL 20100528)
[    0.000000] ACPI: FACS 0x000000003FFF0200 000040
[    0.000000] ACPI: FACS 0x000000003FFF0200 000040
[    0.000000] ACPI: APIC 0x000000003FFF0240 00005C (v02 VBOX   VBOXAPIC 00000001 ASL  00000061)
[    0.000000] ACPI: SSDT 0x000000003FFF02A0 0001CC (v01 VBOX   VBOXCPUT 00000002 INTL 20100528)
[    0.000000] No NUMA configuration found
[    0.000000] Faking a node at [mem 0x0000000000000000-0x000000003ffeffff]
[    0.000000] NODE_DATA(0) allocated [mem 0x3ffc5000-0x3ffeffff]
[    0.000000] kvm-clock: cpu 0, msr 0:3ff44001, primary cpu clock
[    0.000000] kvm-clock: Using msrs 4b564d01 and 4b564d00
[    0.000000] kvm-clock: using sched offset of 3749308033 cycles
[    0.000000] clocksource: kvm-clock: mask: 0xffffffffffffffff max_cycles: 0x1cd42e4dffb, max_idle_ns: 881590591483 ns
[    0.000000] Zone ranges:
[    0.000000]   DMA      [mem 0x0000000000001000-0x0000000000ffffff]
[    0.000000]   DMA32    [mem 0x0000000001000000-0x000000003ffeffff]
[    0.000000]   Normal   empty
[  0.000000]   Device   empty
[    0.000000] Movable zone start for each node
[    0.000000] Early memory node ranges
[    0.000000]   node   0: [mem 0x0000000000001000-0x000000000009efff]
[    0.000000]   node   0: [mem 0x0000000000100000-0x000000003ffeffff]
[    0.000000] Reserved but unavailable: 98 pages
[    0.000000] Initmem setup node 0 [mem 0x00000000001000-0x00000003fffff]
[    000000]CPI: P-Ter IO or: 0x00
[    00000] OAC[0] ac_id 2 vsion 32,adress 0xfe00000,GS0-23
[  0.000] ACPI: INT_RC_OVR(bs  bus_irq 0 global_irq 2 dfl dfl)
[    0.000000] ACPI: INT_SRC_OVR (bus 0 bus_irq 9 global_irq 9 low level)
[    0.000000] Using ACPI (MADT) for SMP configuration information
[    0.000000] smpboot: Allowing 2 CPUs, 0 hotplug CPUs
[    0.000000] PM: Registered nosave memory: [mem 0x00000000-0x00000fff]
[    0.000000] PM: Registered nosave memory: [mem 0x0009f000-0x0009ffff]
[    0.000000] PM: Registered nosave memory: [mem 0x000a0000-0x000effff]
[    0.000000] PM: Registered nosave memory: [mem 0x000f0000-0x000fffff]
[    0.000000] e820: [mem 0x40000000-0xfebfffff] available for PCI devices
[    0.000000] Booting paravirtualized kernel on KVM
[    0.000000 cocksourc: efinedjiies: msk0xfffff max_cycles: 0xffffffmax_ide_: 76451002156ns
[    0.00000] anm: get_rado_byts lledfr startkeel+0x99/x4d with crng_ini0
[  .00000] etup_percpu: NR_CPUS:8192 nr_cpumask_bits:2 nr_cpu_ids:2 nr_node_ids:1
[    0.000000] percpu: Embedded 45 pages/cpu s147456 r8192 d28672 u1048576
[    0.000000] PV qspinlock hash table entries: 256 (order: 0, 4096 bytes)
[    0.000000] Built 1 zonelists, mobility grouping on.  Total pages: 257913
[    0.000000] Policy zone: DMA32
[    0.000000] Kernel command line: BOOT_IMAGE=/boot/vmlinuz-4.15.0-101-generic root=UUID=80e728dc-c0e0-45d9-aba4-8e531d47f319 ro console=tty1 console=ttyS0
[    0.000000] Memory: 982532K/1048120K available (12300K kernel code, 2481K rwdata, 4268K rodata, 2432K init, 2712K bss, 65588K reserved, 0K cma-reserved)
[    0.000000] SLUB: HWalign=64, Order=0-3, MinObjects=0, CPUs=2, Nodes=1
[    0.000000] Kernel/User page tables isolation: enabled
[    0.000000] ftrace: allocating 39364 entries in 154 pages
[    0.004000] Hierarchical RCU implementation.
[    0.004000] 	RCU restricting CPUs from NR_CPUS=8192 to nr_cpu_ids=2.
[    0.004000] 	Tasks RCU enabled.
[    0.004000] RCU: Adjusting geometry for rcu_fanout_leaf=16, nr_cpu_ids=2

[    0.004000] NR_IRQS: 524544, nr_irqs: 440, preallocated irqs: 16
[    0.004000] Console: colour VGA+ 80x25
[    0.004000] console [tty1] enabled
[    0.004000] console [ttyS0] enabled
[    0.004000] ACPI: Core revision 20170831
[    0.004000] ACPI: 2 ACPI AML tables successfully acquired and loaded
[    0.004000] APIC: Switch to symmetric I/O mode setup
[    0.004000] x2apic enabled
[    0.004000] Switched APIC routing to physical x2apic.
[    0.004000] ..TIMER: vector=0x30 apic1=0 pin1=2 apic2=-1 pin2=-1
[    0.004003] tsc: Detected 2208.000 MHz processor
[    0.004853] Calibrang delay loop (skipped) preset value.. 4416.00 BogoMIPS (lpj=8832000)
[    0.008006] pid_max: default: 32768 minimum: 301
[    0.012034] Security Framework initialized
[    0.012814] Yama: becoming mindful.
[    0.013498] AppArmor: AppArmor initialized
[    0.017363] Dentry cache hash table entries: 131072 (order: 8, 1048576 bytes)
[    0.018721] Inode-cache hash table entries: 65536 (order: 7, 524288 bytes)
[    0.019991] Mount-cache hash table entries: 2048 (order: 2, 16384 bytes)
[    0.020014] Mountpoint-cache hash table entries: 2048 (order: 2, 16384 bytes)
[    0.024204] Last level iTLB entries: 4KB 64, 2MB 8, 4MB 8
[    0.028005] Last level dTLB entries: 4KB 64, 2MB 0, 4MB 0, 1GB 4
[    0.032002] Spectre V1 : Mitigation: usercopy/swapgs barriers and __user pointer sanitization
[    0.036005] Spectre V2 : Mitigation: Full generic retpoline
[    0.040004] Spectre V2 : Spectre v2 / SpectreRSB mitigation: Filling RSB on context switch
[    0.044005] Speculative Store Bypass: Vulnerable
[    0.048041] MDS: Vulnerable: Clear CPU buffers attempted, no microcode
[    0.052136] Freeing SMP alternatives memory: 36K
[    0.165227] smpboot: CPU0: Intel(R) Core(TM) i7-8750H CPU @ 2.20GHz (family: 0x6, model: 0x9e, stepping: 0xa)
[    0.168079] Performance Events: unsupported p6 CPU model 158 no PMU driver, software events only.
[    0.172051] Hierarchical SRCU implementation.
[    0.176505] NMI watchdog: Perf event create on CPU 0 failed with -2
[    0.180005] NMI watchdog: Perf NMI watchdog permanently disabled
[    0.184062] smp: Bringing up secondary CPUs ...
[    0.188095] x86: Booting SMP configuration:
[    0.192006] .... node  #0, CPUs:      #1
[    0.004000] kvm-clock: cpu 1, msr 0:3ff44041, secondary cpu clock
[    0.404018] smp: Brought up 1 node, 2 CPUs
[    0.405065] smpboot: Max logical packages: 1
[    0.405983] smpboot: Total of 2 processors activated (8832.00 BogoMIPS)
[    0.407443] devtmpfs: initialized
[    0.408046] x86/mm: Memory block size: 128MB
[    0.409060] evm: security.selinux
[    0.409835] evm: security.SMACK64
[    0.410639] evm: security.SMACK64EXEC
[    0.412002] evm: security.SMACK64TRANSMUTE
[    0.412929] evm: security.SMACK64MMAP
[    0.413762] evm: security.apparmor
[    0.415670] evm: security.ima
[    0.416003] evm: security.capability
[    0.416801] clocksource: jiffies: mask: 0xffffffff max_cycles: 0xffffffff, max_idle_ns: 7645041785100000 ns
[    0.420012] futex hash table entries: 512 (order: 3, 32768 bytes)
[    0.424015] pinctrl core: initialized pinctrl subsystem
[    0.425283] RTC time:  3:20:49, date: 06/10/20
[    0.426452] NET: Registered protocol family 16
[    0.428060] audit: initializing netlink subsys (disabled)
[    0.429236] audit: type=2000 audit(1591759248.239:1): state=initialized audit_enabled=0 res=1
[    0.429817] cpuidle: using governor ladder
[    0.432007] cpuidle: using governor menu
[    0.432915] ACPI: bus type PCI registered
[    0.433884] acpiphp: ACPI Hot Plug PCI Controller Driver version: 0.5
[    0.435339] PCI: Using configuration type 1 for base access
[    0.436717] HugeTLB registered 2.00 MiB page size, pre-allocated 0 pages
[    0.437246] ACPI: Added _OSI(Module Device)
[    0.440007] ACPI: Added _OSI(Processor Device)
[    0.440850] ACPI: Added _OSI(3.0 _SCP Extensions)
[    0.444006] ACPI: Added _OSI(Processor Aggregator Device)
[    0.448008] ACPI: Added _OSI(Linux-Dell-Video)
[    0.452008] ACPI: Added _OSI(Linux-Lenovo-NV-HDMI-Audio)
[    0.456007] ACPI: Added _OSI(Linux-HPI-Hybrid-Graphics)
[    0.460360] ACPI: Executed 1 blocks of module-level executable AML code
[    0.466319] ACPI: Interpreter enabled
[    0.468024] ACPI: (supports S0 S5)
[    0.472005] ACPI: Using IOAPIC for interrupt routing
[    0.476196] PCI: Using host bridge windows from ACPI; if necessary, use "pci=nocrs" and report a bug
[    0.480192] ACPI: Enabled 2 GPEs in block 00 to 07
[    0.491050] ACPI: PCI Root Bridge [PCI0] (domain 0000 [bus 00-ff])
[    0.492015] acpi PNP0A03:00: _OSC: OS supports [ASPM ClockPM Segments MSI]
[    0.496075] acpi PNP0A03:00: _OSC: not requesting OS control; OS requires [ExtendedConfig ASPM ClockPM MSI]
[    0.498908] acpi PNP0A03:00: fail to add MMCONFIG information, can't access extended PCI configuration space under this bridge.
[    0.500399] PCI host bridge to bus 0000:00
[    0.501372] pci_bus 0000:00: root bus resource [io  0x0000-0x0cf7 window]
[    0.502776] pci_bus 0000:00: root bus resource [io  0x0d00-0xffff window]
[    0.504004] pci_bus 0000:00: root bus resource [mem 0x000a0000-0x000bffff window]
[    0.505579] pci_bus 0000:00: root bus resource [mem 0x40000000-0xfdffffff window]
[    0.508004] pci_bus 0000:00: root bus resource [bus 00-ff]
[    0.514592] pci 0000:00:01.1: legacy IDE quirk: reg 0x10: [io  0x01f0-0x01f7]
[    0.516003] pci 0000:00:01.1: legacy IDE quirk: reg 0x14: [io  0x03f6]
[    0.517395] pci 0000:00:01.1: legacy IDE quirk: reg 0x18: [io  0x0170-0x0177]
[    0.520003] pci 0000:00:01.1: legacy IDE quirk: reg 0x1c: [io  0x0376]
[    0.534971] pci 0000:00:07.0: quirk: [io  0x4000-0x403f] claimed by PIIX4 ACPI
[    0.536019] pci 0000:00:07.0: quirk: [io  0x4100-0x410f] claimed by PIIX4 SMB
[    0.546241] ACPI: PCI Interrupt Link [LNKA] (IRQs 5 9 10 *11)
[    0.548288] ACPI: PCI Interrupt Link [LNKB] (IRQs 5 9 *10 11)
[    0.552147] ACPI: PCI Interrupt Link [LNKC] (IRQs 5 *9 10 11)
[    0.556154] ACPI: PCI Interrupt Link [LNKD] (IRQs 5 9 10 *11)
[    0.560692] SCSI subsystem initialized
[    0.564057] pci 0000:00:02.0: vgaarb: setting as boot VGA device
[    0.568000] pci 0000:00:02.0: vgaarb: VGA device added: decodes=io+mem,owns=io+mem,locks=none
[    0.568009] pci 0000:00:02.0: vgaarb: bridge control possible
[    0.572005] vgaarb: loaded
[    0.576041] ACPI: bus type USB registered
[    0.580036] usbcore: registered new interface driver usbfs
[    0.584029] usbcore: registered new interface driver hub
[    0.585038] usbcore: registered new device driver usb
[    0.588075] EDAC MC: Ver: 3.0.0
[    0.589108] PCI: Using ACPI for IRQ routing
[    0.589247] NetLabel: Initializing
[    0.592002] NetLabel:  domain hash size = 128
[    0.592980] NetLabel:  protocols = UNLABELED CIPSOv4 CALIPSO
[    0.594268] NetLabel:  unlabeled traffic allowed by default
[    0.596075] clocksource: Switched to clocksource kvm-clock
[    0.607651] VFS: Disk quotas dquot_6.6.0
[    0.608598] VFS: Dquot-cache hash table entries: 512 (order 0, 4096 bytes)
[    0.610242] AppArmor: AppArmor Filesystem Enabled
[    0.611274] pnp: PnP ACPI init
[    0.613073] pnp: PnP ACPI: found 3 devices
[    0.623549] clocksource: acpi_pm: mask: 0xffffff max_cycles: 0xffffff, max_idle_ns: 2085701024 ns
[  0256] NETResterd otolamy 2

[  1.13] CP etaisd shab etris:8192 (order: 4,656 te
[    1646456] TCP bind hash table entries: 8192 (order: 5, 131072 bytes)
[    1.678755] TCP: Hash tables configured (established 8192 bind 8192)
[    1.680375] UDP hash table entries: 512 (order: 2, 16384 bytes)
[    1.681612] UDP-Lite hash table entries: 512 (order: 2, 16384 bytes)
[    1.683049] NET: Registered protocol family 1
[    1.684060] pci 0000:00:00.0: Limiting direct PCI/PCI transfers
[    1.685393] pci 0000:00:01.0: Activating ISA DMA hang workarounds
[    1.686790] pci 0000:00:02.0: Video device with shadowed ROM at [mem 0x000c0000-0x000dffff]
[    1.688642] Unpacking initramfs...

[    1.932269] Freeing initrd memory: 19736K
[    2.023662] clocksource: tsc:mmss::00fffffffffffffffff max_cycles: 0x1f33b8bb55f, max_idle_ns: 440795257325 ns
[    2.633492] platform rtc_cmos: registered platform RTC device (no PNP device found)
[    2.753637] Scanning for low memory corruption every 60 seconds
[    2.755300] Initialise system trusted keyrings
[    2.756325] Key type blacklist registered
[    2.757201] workingset: timestamp_bits=36 max_order=18 bucket_order=0
[    2.759102] zbud: loaded
[    2.760099] squashfs: version 4.0 (2009/01/31) Phillip Lougher
[    2.761411] fuse init (API version 7.26)
[    2.766060] Key type asymmetric registered
[    2.766922] Asymmetric key parser 'x509' registered
[    2.767903] Block layer SCSI generic (bsg) driver version 0.4 loaded (major 246)
[    2.769488] io scheduler noop registered
[    2.770282] io scheduler deadline registered
[    2.771164] io scheduler cfq registered (default)
[    2.772490] ACPI: AC Adapter [AC] (on-line)
[    2.773379] input: Power Button as /devices/LNXSYSTM:00/LNXPWRBN:00/input/input0
[    2.774844] ACPI: Power Button [PWRF]
[    2.775692] input: Sleep Button as /devices/LNXSYSTM:00/LNXSLPBN:00/input/input1
[    2.777179] ACPI: Sleep Button [SLPF]
[    2.778186] Serial: 8250/16550 driver, 32 ports, IRQ sharing enabled
[    2.779131] ACPI: Battery Slot [BAT0] (battery present)
[    2.803647] 00:02: ttyS0 at I/O 0x3f8 (irq = 4, base_baud = 115200) is a 16550A
[    2.874464] Linux agpgart interface v0.103
[    2.876229] loop: module loaded
[    2.877369] scsi host0: ata_piix
[    2.878196] scsi host1: ata_piix
[    2.878898] ata1: PATA max UDMA/33 cmd 0x1f0 ctl 0x3f6 bmdma 0xd000 irq 14
[    2.880316] ata2: PATA max UDMA/33 cmd 0x170 ctl 0x376 bmdma 0xd008 irq 15
[    2.881740] libphy: Fixed MDIO Bus: probed
[    2.882646] tun: Universal TUN/TAP device driver, 1.6
[    2.883645] PPP generic driver version 2.4.2
[    2.884621] ehci_hcd: USB 2.0 'Enhanced' Host Controller (EHCI) Driver
[    2.885875] ehci-pci: EHCI PCI platform driver
[    2.886791] ehci-platform: EHCI generic platform driver
[    2.887823] ohci_hcd: USB 1.1 'Open' Host Controller (OHCI) Driver
[    2.889092] ohci-pci: OHCI PCI platform driver
[    2.889981] ohci-platform: OHCI generic platform driver
[    2.891037] uhci_hcd: USB Universal Host Controller Interface driver
[    2.892365] i8042: PNP: PS/2 Controller [PNP0303:PS2K,PNP0f03:PS2M] at 0x60,0x64 irq 1,12
[    2.894425] serio: i8042 KBD port at 0x60,0x64 irq 1
[    2.895463] serio: i8042 AUX port at 0x60,0x64 irq 12
[    2.896534] mousedev: PS/2 mouse device common for all mice
[    2.897844] input: AT Translated Set 2 keyboard as /devices/platform/i8042/serio0/input/input2
[    2.899833] rtc_cmos rtc_cmos: rtc core: registered rtc_cmos as rtc0
[    2.901111] rtc_cmos rtc_cmos: alarms up to one day, 114 bytes nvram
[    2.902368] i2c /dev entries driver
[    2.903098] device-mapper: uevent: version 1.0.3
[    2.904070] device-mapper: ioctl: 4.37.0-ioctl (2017-09-20) initialised: dm-devel@redhat.com
[    2.905687] ledtrig-cpu: registered to indicate activity on CPUs
[    2.946370] NET: Registered protocol family 10
[    2.951547] Segment Routing with IPv6
[    2.952626] NET: Registered protocol family 17
[    2.953779] Key type dns_resolver registered
[    2.954844] mce: Using 0 MCE banks
[    2.955564] RAS: Correctable Errors collector initialized.
[    2.956704] sched_clock: Marking stable (2956681235, 0)->(11711002510, -8754321275)
[    2.958512] registered taskstats version 1
[    2.959351] Loading compiled-in X.509 certificates
[    2.962267] Loaded X.509 cert 'Build time autogenerated kernel key: 81757e40860ca54b8a45e323b66799c03c91a344'
[    2.964342] zswap: loaded using pool lzo/zbud
[    2.969553] Key type big_key registered
[    2.972993] Key type trusted registered
[    2.975157] Key type encrypted registered
[    2.976034] AppArmor: AppArmor sha1 policy hashing enabled
[    2.977152] ima: No TPM chip found, activating TPM-bypass! (rc=-19)
[    2.978466] ima: Allocated hash algorithm: sha1
[    2.979516] evm: HMAC attrs: 0x1
[    2.980447]   Magic number: 8:337:310
[    2.981162] tty tty39: hash matches
[    2.981890] rtc_cmos rtc_cmos: setting system clock to 2020-06-10 03:20:54 UTC (1591759254)
[    2.990966] BIOS EDD facility v0.16 2004-Jun-25, 0 devices found
[    3.129937] EDD information not available.
[    3.134077] Freeing unused kernel image memory: 2432K
[    3.428200] Write protecting the kernel read-only data: 20480k
[    3.700434] Freeing unused kernel image memory: 2008K
[    3.831366] Freeing unused kernel image memory: 1876K
[    3.837663] x86/mm: Checked W+X mappings: passed, no W+X pages found.
[    3.839013] x86/mm: Checking user space page tables
[    3.844974] x86/mm: Checked W+X mappings: passed, no W+X pages found.
Loading, please wait...
starting version 237
[    3.899919] e1000: Intel(R) PRO/1000 Network Driver - version 7.3.21-k8-NAPI
[    4.209306] e1000: Copyright (c) 1999-2006 Intel Corporation.
[    4.405178] Fusion MPT base driver 3.04.20
[    4.563749] Copyright (c) 1999-2008 LSI Corporation
[    4.669272] Fusion MPT SPI Host driver 3.04.20
[    4.841462] AVX2 version of gcm_enc/dec engaged.
[    4.914367] AES CTR mode by8 optimization enabled
[    4.916930] input: ImExPS/2 Generic Explorer Mouse as /devices/platform/i8042/serio1/input/input4
[    5.198580] e1000 0000:00:03.0 eth0: (PCI:33MHz:32-bit) 02:1e:30:9c:a3:c0
[    5.424000] e1000 0000:00:03.0 eth0: Intel(R) PRO/1000 Network Connection
[    5.930421] e1000 0000:00:08.0 eth1: (PCI:33MHz:32-bit) 08:00:27:12:84:65
[    6.001012] e1000 0000:00:08.0 eth1: Intel(R) PRO/1000 Network Connection
[    6.003353] e1000 0000:00:03.0 enp0s3: renamed from eth0
[    6.008432] mptbase: ioc0: Initiating bringup
[    6.024551] e1000 0000:00:08.0 enp0s8: renamed from eth1
[    6.423203] ioc0: LSI53C1030 A0: Capabilities={Initiator}
[    8.413192] scsi host2: ioc0: LSI53C1030 A0, FwRev=00000000h, Ports=1, MaxQ=256, IRQ=20
[   10.629574] scsi 2:0:0:0: Direct-Access     VBOX     HARDDISK         1.0  PQ: 0 ANSI: 5
[   11.443619] scsi target2:0:0: Beginning Domain Validation
[   11.446007] scsi target2:0:0: Domain Validation skipping write tests
[   11.447539] scsi target2:0:0: Ending Domain Validation
[   11.448821] scsi target2:0:0: asynchronous
[   11.450246] scsi 2:0:1:0: Direct-Access     VBOX     HARDDISK         1.0  PQ: 0 ANSI: 5
[   11.683568] scsi target2:0:1: Beginning Domain Validation
[   12.601109] random: fast init done
[   13.323305] scsi target2:0:1: Domain Validation skipping write tests
[   14.494238] scsi target2:0:1: Ending Domain Validation
[   15.487607] scsi target2:0:1: asynchronous
[   16.295840] random: systemd-udevd: uninitialized urandom read (16 bytes read)
[   16.295890] sd 2:0:0:0: Attached scsi generic sg0 type 0
[   16.474345] random: systemd-udevd: uninitialized urandom read (16 bytes read)
[   16.773817] sd 2:0:0:0: [sda] 20971520 512-byte logical blocks: (10.7 GB/10.0 GiB)
[   16.833432] random: systemd-udevd: uninitialized urandom read (16 bytes read)
[   16.837556] sd 2:0:0:0: [sda] Write Protect is off
[   16.839491] sd 2:0:1:0: Attached scsi generic sg1 type 0
[   16.841557] sd 2:0:1:0: [sdb] 20480 512-byte logical blocks: (10.5 MB/10.0 MiB)
[   16.841692] sd 2:0:0:0: [sda] Incomplete mode parameter data
[   16.844502] sd 2:0:0:0: [sda] Assuming drive cache: write through
[   16.846340] sd 2:0:1:0: [sdb] Write Protect is off
[   16.847525] sd 2:0:1:0: [sdb] Incomplete mode parameter data
[   16.848633]  sda: sda1
[   16.848831] sd 2:0:1:0: [sdb] Assuming drive cache: write through
[   16.851229] sd 2:0:0:0: [sda] Attached SCSI disk
[   16.854413] sd 2:0:1:0: [sdb] Attached SCSI disk
Begin: Loading essential drivers ... [   18.230449] raid6: sse2x1   gen() 14335 MB/s
[   18.440395] raid6: sse2x1   xor()  9823 MB/s
[   18.668107] raid6: sse2x2   gen() 16951 MB/s
[   18.924040] raid6: sse2x2   xor() 11110 MB/s
[   18.988296] raid6: sse2x4   gen() 18979 MB/s
[   19.056166] raid6: sse2x4   xor() 11571 MB/s
[   19.244073] raid6: avx2x1   gen() 27083 MB/s
[   19.424143] raid6: avx2x1   xor() 19265 MB/s
[   19.700363] raid6: avx2x2   gen() 32711 MB/s
[   19.984217] raid6: avx2x2   xor() 20267 MB/s
[   20.132319] raid6: avx2x4   gen() 37020 MB/s
[   20.396234] raid6: avx2x4   xor() 22179 MB/s
[   20.613472] raid6: using algorithm avx2x4 gen() 37020 MB/s
[   20.743748] raid6: .... xor() 22179 MB/s, rmw enabled
[   20.981425] raid6: using avx2x2 recovery algorithm
[   20.983857] xor: automatically using best checksumming function   avx       
[   20.986146] async_tx: api initialized (async)
done.
Begin: Running /scripts/init-premount ... done.
Begin: M[   21.021213] Btrfs loaded, crc32c=crc32c-intel
ounting root file system ... Begin: Running /scripts/local-top ... done.
Begin: Running /scripts/local-premount ... Scanning for Btrfs filesystems
done.
Warning: fsck no[   21.658298] EXT4-fs (sda1): mounted filesystem with ordered data mode. Opts: (null)
t present, so skipping root file system
done.
Begin: Running /scripts/local-bottom ... done.
Begin: Running /scripts/init-bottom ... done.
[   22.258767] ip_tables: (C) 2000-2006 Netfilter Core Team
[   22.268720] systemd[1]: systemd 237 running in system mode. (+PAM +AUDIT +SELINUX +IMA +APPARMOR +SMACK +SYSVINIT +UTMP +LIBCRYPTSETUP +GCRYPT +GNUTLS +ACL +XZ +LZ4 +SECCOMP +BLKID +ELFUTILS +KMOD -IDN2 +IDN -PCRE2 default-hierarchy=hybrid)
[   23.494622] systemd[1]: Detected virtualization oracle.
[   24.368140] systemd[1]: Detected architecture x86-64.

Welcome to [1mUbuntu 18.04.2 LTS[0m!

[   24.412353] systemd[1]: Set hostname to <ubuntu-bionic>.
[   24.662251] systemd[1]: Set up automount Arbitrary Executable File Formats File System Automount Point.
[[0;32m  OK  [0m] Set up automount Arbitrary Executab…rmats File System Automount Point.
[   24.700295] systemd[1]: Reached target System Time Synchronized.
[[0;32m  OK  [0m] Reached target System Time Synchronized.
[   25.489815] systemd[1]: Reached target Swap.
[[0;32m  OK  [0m] Reached target Swap.
[   25.491540] systemd[1]: Reached target User and Group Name Lookups.
[[0;32m  OK  [0m] Reached target User and Group Name Lookups.
[   25.493976] systemd[1]: Started Forward Password Requests to Wall Directory Watch.
[[0;32m  OK  [0m] Started Forward Password Requests to Wall Directory Watch.
[   25.498231] systemd[1]: Created slice User and Session Slice.
[[0;32m  OK  [0m] Created slice User and Session Slice.
[[0;32m  OK  [0m] Created slice System Slice.
[[0;32m  OK  [0m] Listening on LVM2 metadata daemon socket.
[[0;32m  OK  [0m] Created slice system-serial\x2dgetty.slice.
[[0;32m  OK  [0m] Listening on udev Control Socket.
[[0;32m  OK  [0m] Listening on Journal Socket (/dev/log).
[[0;32m  OK  [0m] Listening on Journal Audit Socket.
[[0;32m  OK  [0m] Listening on Syslog Socket.
[[0;32m  OK  [0m] Listening on /dev/initctl Compatibility Named Pipe.
[[0;32m  OK  [0m] Listening on Device-mapper event daemon FIFOs.
[[0;32m  OK  [0m] Listening on udev Kernel Socket.
[[0;32m  OK  [0m] Listening on Network Service Netlink Socket.
[[0;32m  OK  [0m] Listening on LVM2 poll daemon socket.
[[0;32m  OK  [0m] Listening on Journal Socket.
         Mounting POSIX Message Queue File System...
         Starting Remount Root and Kernel File Systems...
         Starting Load Kernel Modules...
         Starting Create list of required st…ce nodes for the current kernel...
         Starting Journal Service...
         Starting udev Coldplug all Devices...
         Starting Monitoring of LVM2 mirrors…ng dmeventd or progress polling...
         Mounting Huge Pages File System...
         Starting Uncomplicated firewall...
[[0;32m  OK  [0m] Reached target Slices.
         Mounting Kernel Debug File System...
         Starting Set the console keyboard layout...
[[0;32m  OK  [0m] Mounted POSIX Message Queue File System.
[[0;32m  OK  [0m] Mounted Huge Pages File Syst[   25.548486] Loading iSCSI transport class v2.0-870.
em.
[[0;32m  OK  [0m] Started Create list of required sta…vice nodes for the curr[   25.704291] EXT4-fs (sda1): re-mounted. Opts: (null)
ent kernel.
[[0;32m  OK  [0[   25.827689] iscsi: registered transport (tcp)
m] Started Remount Root and Kernel File Systems.
[[0;32m  OK  [0m] Started Uncomplicated firewal[   25.847666] iscsi: registered transport (iser)
l.
[[0;32m  OK  [0m] Started Load Kernel Modules.
[[0;32m  OK  [0m] Started Journal Service.
[[0;32m  OK  [0m] Mounted Kernel Debug File System.
[[0;32m  OK  [0m] Started Set the console keyboard layout.
[[0;32m  OK  [0m] Started udev Coldplug all Devices.
[[0;32m  OK  [0m] Started LVM2 metadata daemon.
[   26.237334] random: crng init done
[   26.656942] random: 7 urandom warning(s) missed due to ratelimiting
         Mounting Kernel Configuration File System...
         Mounting FUSE Control File System...
         Starting Apply Kernel Variables...
         Starting Initial cloud-init job (pre-networking)...
         Starting Load/Save Random Seed...
         Starting Flush Journal to Persistent Storage...
         Starting Create Static Device Nodes in /dev...
[[0;32m  OK  [0m] Started Monitoring of LVM2 mirrors,…sing dmeventd or progress polling.
[[0;32m  OK  [0m] Mounted Kernel Configuration File System.
[[0;32m  OK  [0m] Mounted FUSE Control File System.
[[0;32m  OK  [0m] Started Load/Save Random Seed.
[[0;32m  OK  [0m] Started Apply Kernel Variables.
[[0;32m  OK  [0m] Started Create Static Device Nodes in /dev.
[[0;32m  OK  [0m] Reached target Local File Systems (Pre).
[[0;32m  OK  [0m] Reached target Local File Systems.
         Starting AppArmor initialization...
         Starting Set console font and keymap...
         Starting ebtables ruleset management...
         Starting Tell Plymouth To Write Out Runtime Data...
         Starting udev Kernel Device Manager...
[[0;32m  OK  [0m] Started Set console font and keymap.
[[0;32m  OK  [0m] Started Tell Plymouth To Write Out Runtime Data.
[[0;32m  OK  [0m] Started udev Kernel Device Manager.
[[0;32m  OK  [0m] Started Dispatch Password Requests to Console Directory Watch.
[[0;32m  OK  [0m] Reached target Local Encrypted Volumes.
[[0;32m  OK  [0m] Started ebtables ruleset management.
[[0;32m  OK  [0m] Started Flush Journal to Persistent Storage.
         Starting Create Volatile Files and Directories...
[[0;32m  OK  [0m] Started Create Volatile Files and Directories.
         Starting Update UTMP about System Boot/Shutdown...
[[0;32m  OK  [0m] Started Update UTMP about System Boot/Shutdown.
[[0;32m  OK  [0m] Found device /dev/ttyS0.
[[0;32m  OK  [0m] Listening on Load/Save RF Kill Switch Status /dev/rfkill Watch.
[[0;32m  OK  [0m] Started AppArmor initialization.
[   29.137952] cloud-init[422]: Cloud-init v. 18.5-45-g3554ffe8-0ubuntu1~18.04.1 running 'init-local' at Wed, 10 Jun 2020 03:21:20 +0000. Up 28.95 seconds.
[[0;32m  OK  [0m] Started Initial cloud-init job (pre-networking).
[[0;32m  OK  [0m] Reached target Network (Pre).
         Starting Network Service...
[[0;32m  OK  [0m] Started Network Service.
         Starting Wait for Network to be Configured...
         Starting Network Name Resolution...
[[0;32m  OK  [0m] Started Network Name Resolution.
[[0;32m  OK  [0m] Reached target Host and Network Name Lookups.
[[0;32m  OK  [0m] Reached target Network.
[[0;32m  OK  [0m] Started Wait for Network to be Configured.
         Starting Initial cloud-init job (metadata service crawler)...
[   31.263636] cloud-init[711]: Cloud-init v. 18.5-45-g3554ffe8-0ubuntu1~18.04.1 running 'init' at Wed, 10 Jun 2020 03:21:22 +0000. Up 31.15 seconds.
[   31.271344] cloud-init[711]: ci-info: ++++++++++++++++++++++++++++++++++++++Net device info+++++++++++++++++++++++++++++++++++++++
[   31.273797] cloud-init[711]: ci-info: +--------+------+-----------------------------+---------------+--------+-------------------+
[   31.278714] cloud-init[711]: ci-info: | Device |  Up  |           Address           |      Mask     | Scope  |     Hw-Address    |
[   31.282021] cloud-init[711]: ci-info: +--------+------+-----------------------------+---------------+--------+-------------------+
[   31.296643] cloud-init[711]: ci-info: | enp0s3 | True |          10.0.2.15          | 255.255.255.0 | global | 02:1e:30:9c:a3:c0 |
[   31.364197] cloud-init[711]: ci-info: | enp0s3 | True |  fe80::1e:30ff:fe9c:a3c0/64 |       .       |  link  | 02:1e:30:9c:a3:c0 |
[   31.408489] cloud-init[711]: ci-info: | enp0s8 | True |        192.168.33.10        | 255.255.255.0 | global | 08:00:27:12:84:65 |
[[0;32m  OK  [0m] Started Initial cloud-init job (metadata service crawler).
[   31.497334] cloud-init[711]: ci-info: | enp0s8 | True | fe80::a00:27ff:fe12:8465/64 |       .       |  link  | 08:00:27:12:84:65 |
[[0;32m  OK  [0m] Reached target System Initialization.
[   31.593281] cloud-init[711]: ci-info: |   lo   | True |          127.0.0.1          |   255.0.0.0   |  host  |         .         |
[[0;32m  OK  [0m] Started Daily apt download activities.
[   31.688781] cloud-init[711]: ci-info: |   lo   | True |           ::1/128           |       .       |  host  |         .         |
[   31.792721]          cloud-initStarting LXD - unix socket.
[711]: ci-info: +--------+------+-----------------------------+---------------+--------+-------------------+
         Starting Socket activation for snappy daemon.
[   31.889365] [cloud-init[0;32m  OK  [0m] [711]: Started Daily apt upgrade and clean activities.
ci-info: +++++++++++++++++++++++++++++Route IPv4 info+++++++++++++++++++++++++++++
[[0;32m  OK  [0m] Started ACPI Events Check.
[   32.004201] [[0;32m  OK  [0m] Started Daily Cleanup of Temporary Directories.
[[0;32m  OK  [0m] Reached target Paths.
[[0;32m  OK  [0m] Started Discard unused blocks once a week.
[[0;32m  OK  [0m] Listening on ACPID Listen Socket.
[[0;32m  OK  [0m] Listening on Open-iSCSI iscsid Socket.
[[0;32m  OK  [0m] Started Message of the Day.
[[0;32m  OK  [0m] Reached target Timers.
[[0;32m  OK  [0m] Listening on D-Bus System Message Bus Socket.
[[0;32m  OK  [0m] Listening on UUID daemon activation socket.
[[0;32m  OK  [0m] Reached target Network is Online.
         Starting Availability of block devices...
[[0;32m  OK  [0m] Reached target Remote File Systems (Pre).
[[0;32m  OK  [0m] Reached target Remote File Systems.
[[0;32m  OK  [0m] Reached target Cloud-config availability.
[[0;32m  OK  [0m] Listening on LXD - unix socket.
[[0;32m  OK  [0m] Listening on Socket activation for snappy daemon.
[[0;32m  OK  [0m] Reached target Sockets.
[[0;32m  OK  [0m] Reached target Basic System.
[[0;32m  OK  [0m] Started Deferred execution scheduler.
         Starting LSB: Record successful boot for GRUB...
cloud-init[[0;32m  OK  [0m] Started D-Bus System Message Bus.
[711]: ci-info: +-------+--------------+----------+-----------------+-----------+-------+
[   32.049929] cloud-init[711]: ci-info: | Route | Destination  | Gateway  |     Genmask     | Interface | Flags |
[   32.052186] cloud-init[711]: ci-info: +-------+--------------+----------+-----------------+-----------+-------+
[   32.054302] cloud-init[711]: ci-info: |   0   |   0.0.0.0    | 10.0.2.2 |     0.0.0.0     |   enp0s3  |   UG  |
[   32.056639] cloud-init[711]: ci-info: |   1   |   10.0.2.0   | 0.0.0.0  |  255.255.255.0  |   enp0s3  |   U   |
[   32.059045] cloud-init[711]: ci-info: |   2   |   10.0.2.2   | 0.0.0.0  | 255.255.255.255 |   enp0s3  |   UH  |
[   32.061151] cloud-init[711]: ci-info: |   3   | 192.168.33.0 | 0.0.0.0  |  255.255.255.0  |   enp0s8  |   U   |
[   32.063164] cloud-init[711]: ci-info: +-------+--------------+----------+-----------------+-----------+-------+
[   32.065562] cloud-init[711]: ci-info: +++++++++++++++++++Route IPv6 info+++++++++++++++++++
[   32.068417] cloud-init[711]: ci-info: +-------+-------------+---------+-----------+-------+
         Starting Dispatcher daemon for systemd-networkd...
[   32.106336] cloud-init[711]: ci-info: | Route | Destination | Gateway | Interface | Flags |
[[0;32m  OK  [0m] Started irqbalance daemon.
[   32.214938] cloud-init[711]: ci-info: +-------+-------------+---------+-----------+-------+
         Starting Accounts Service...
[   32.272812] cloud-init[711]: ci-info: |   1   |  fe80::/64  |    ::   |   enp0s8  |   U   |
[[0;32m  OK  [0m] Started FUSE filesystem for LXC.
[   32.328967] cloud-init[711]: ci-info: |   2   |  fe80::/64  |    ::   |   enp0s3  |   U   |
         Starting Login Service...
[   32.408459] cloud-init[711]: ci-info: |   4   |    local    |    ::   |   enp0s3  |   U   |
         Starting OpenBSD Secure Shell server...
[   32.435471] cloud-init         Starting vboxadd.service...
         Starting Permit User Sessions...
         Starting System Logging Service...
         Starting LSB: automatic crash report generation...
[711]: ci-info: |   5   |    local    |    ::   |   enp0s8  |   U   |
[[0;32m  OK  [0m] Started Regular background program processing daemon.
[   32.472552] cloud-init[711]: ci-info: |   6   |   ff00::/8  |    ::   |   enp0s8  |   U   |
         Starting Snappy daemon...
[   32.569725] cloud-init         Starting LXD - container startup/shutdown...
[[0;32m  OK  [0m] Started Dispatcher daemon for systemd-networkd.
[[0;32m  OK  [0m] Started System Logging Service.
[[0;32m  OK  [0m] Started Availability of block devices.
[[0;32m  OK  [0m] Started Permit User Sessions.
[711]: ci-info: |   7   |   ff00::/8  |    ::   |   enp0s3  |   U   |
[   32.608285] cloud-init[711]: ci-info: +-------+-------------+---------+-----------+-------+
[[0;32m  OK  [0m] Started OpenBSD Secure Shell server.
[[0;32m  OK  [0m] Started Login Service.
[[0;32m  OK  [0m] Started Unattended Upgrades Shutdown.
         Starting Authorization Manager...
         Starting Hold until boot process finishes up...
         Starting Terminate Plymouth Boot Screen...
[[0;32m  OK  [0m] Started LSB: Record successful boot for GRUB.
[[0;32m  OK  [0m] Started LSB: automatic crash report generation.
[[0;32m  OK  [0m] Started LXD - container startup/shutdown.
[[0;32m  OK  [0m] Started Hold until boot process finishes up.
[[0;32m  OK  [0m] Started Snappy daemon.
[[0;32m  OK  [0m] Started Terminate Plymouth Boot Screen.
[[0;32m  OK  [0m] Started Authorization Manager.
[[0;32m  OK  [0m] Started Accounts Service.
         Starting Wait until snapd is fully seeded...
         Starting Set console scheme...
[[0;32m  OK  [0m] Started Serial Getty on ttyS0.
[[0;32m  OK  [0m] Started Set console scheme.
[[0;32m  OK  [0m] Started vboxadd.service.
[[0;32m  OK  [0m] Started Wait until snapd is fully seeded.
         Starting Apply the settings specified in cloud-config...
         Starting vboxadd-service.service...
[[0;32m  OK  [0m] Created slice system-getty.slice.
[[0;32m  OK  [0m] Started Getty on tty1.
[[0;32m  OK  [0m] Reached target Login Prompts.
[[0;32m  OK  [0m] Started vboxadd-service.service.
[[0;32m  OK  [0m] Reached target Multi-User System.
[[0;32m  OK  [0m] Reached target Graphical Interface.
         Starting Update UTMP about System Runlevel Changes...
[[0;32m  OK  [0m] Started Update UTMP about System Runlevel Changes.
[[0;32m  OK  [0m] Created slice User Slice of vagrant.
         Starting User Manager for UID 1000...
[[0;32m  OK  [0m] Started Session 1 of user vagrant.
[[0;32m  OK  [0m] Started User Manager for UID 1000.
[   33.582704] cloud-init[1176]: Cloud-init v. 18.5-45-g3554ffe8-0ubuntu1~18.04.1 running 'modules:config' at Wed, 10 Jun 2020 03:21:24 +0000. Up 33.43 seconds.
[[0;32m  OK  [0m] Started Apply the settings specified in cloud-config.
         Starting Execute cloud user/final scripts...
[   34.088725] cloud-init[1306]: Cloud-init v. 18.5-45-g3554ffe8-0ubuntu1~18.04.1 running 'modules:final' at Wed, 10 Jun 2020 03:21:25 +0000. Up 33.96 seconds.
[[0;32m  OK  [0m] Started Execute cloud user/final scripts.
[   34.161079] [cloud-init[0;32m  OK  [0m[1306]: ] Cloud-init v. 18.5-45-g3554ffe8-0ubuntu1~18.04.1 finished at Wed, 10 Jun 2020 03:21:25 +0000. Datasource DataSourceNoCloud [seed=/dev/sdb][dsmode=net].  Up 34.08 secondsReached target Cloud-init target.


Ubuntu 18.04.2 LTS ubuntu-bionic ttyS0

ubuntu-bionic login: 